#
# There is insufficient memory for the Java Runtime Environment to continue.
# Native memory allocation (malloc) failed to allocate 1048576 bytes for AllocateHeap
# Possible reasons:
#   The system is out of physical RAM or swap space
#   The process is running with CompressedOops enabled, and the Java Heap may be blocking the growth of the native heap
# Possible solutions:
#   Reduce memory load on the system
#   Increase physical memory or swap space
#   Check if swap backing store is full
#   Decrease Java heap size (-Xmx/-Xms)
#   Decrease number of Java threads
#   Decrease Java thread stack sizes (-Xss)
#   Set larger code cache with -XX:ReservedCodeCacheSize=
#   JVM is running with Unscaled Compressed Oops mode in which the Java heap is
#     placed in the first 4GB address space. The Java Heap base address is the
#     maximum limit for the native heap growth. Please use -XX:HeapBaseMinAddress
#     to set the Java Heap base and to place the Java Heap above 4GB virtual address.
# This output file may be truncated or incomplete.
#
#  Out of Memory Error (memory/allocation.inline.hpp:61), pid=12372, tid=0x0000000000001d9c
#
# JRE version:  (8.0_281-b09) (build )
# Java VM: Java HotSpot(TM) 64-Bit Server VM (25.281-b09 mixed mode windows-amd64 compressed oops)
# Failed to write core dump. Minidumps are not enabled by default on client versions of Windows
#

---------------  T H R E A D  ---------------

Current thread (0x000001ab993e4000):  JavaThread "Unknown thread" [_thread_in_vm, id=7580, stack(0x00000074a0100000,0x00000074a0200000)]

Stack: [0x00000074a0100000,0x00000074a0200000]
Native frames: (J=compiled Java code, j=interpreted, Vv=VM code, C=native code)
V  [jvm.dll+0x32e5b9]
V  [jvm.dll+0x275012]
V  [jvm.dll+0x275cbd]
V  [jvm.dll+0x26c6f5]
V  [jvm.dll+0x509d]
V  [jvm.dll+0x3d2b23]
V  [jvm.dll+0x3d3538]
V  [jvm.dll+0xfcaaf]
V  [jvm.dll+0x209a1b]
V  [jvm.dll+0x2383d7]
V  [jvm.dll+0x162566]
C  [javaw.exe+0x2322]
C  [javaw.exe+0x16544]
C  [KERNEL32.DLL+0x17c24]
C  [ntdll.dll+0x6d4d1]


---------------  P R O C E S S  ---------------

Java Threads: ( => current thread )

Other Threads:

=>0x000001ab993e4000 (exited) JavaThread "Unknown thread" [_thread_in_vm, id=7580, stack(0x00000074a0100000,0x00000074a0200000)]

VM state:not at safepoint (normal execution)

VM Mutex/Monitor currently owned by a thread: None

heap address: 0x0000000082400000, size: 2012 MB, Compressed Oops mode: 32-bit
Narrow klass base: 0x0000000000000000, Narrow klass shift: 3
Compressed class space size: 1073741824 Address: 0x0000000100000000

Heap:
 PSYoungGen      total 37888K, used 655K [0x00000000d6180000, 0x00000000d8b80000, 0x0000000100000000)
  eden space 32768K, 2% used [0x00000000d6180000,0x00000000d6223d80,0x00000000d8180000)
  from space 5120K, 0% used [0x00000000d8680000,0x00000000d8680000,0x00000000d8b80000)
  to   space 5120K, 0% used [0x00000000d8180000,0x00000000d8180000,0x00000000d8680000)
 ParOldGen       total 86016K, used 0K [0x0000000082400000, 0x0000000087800000, 0x00000000d6180000)
  object space 86016K, 0% used [0x0000000082400000,0x0000000082400000,0x0000000087800000)
 Metaspace       used 753K, capacity 4480K, committed 4480K, reserved 1056768K
  class space    used 76K, capacity 384K, committed 384K, reserved 1048576K

Card table byte_map: [0x000001abaa150000,0x000001abaa540000] byte_map_base: 0x000001aba9d3e000

Marking Bits: (ParMarkBitMap*) 0x0000000072396ff0
 Begin Bits: [0x000001abaa7e0000, 0x000001abac750000)
 End Bits:   [0x000001abac750000, 0x000001abae6c0000)

Polling page: 0x000001ab993a0000

CodeCache: size=245760Kb used=328Kb max_used=328Kb free=245431Kb
 bounds [0x000001ab9ad90000, 0x000001ab9b000000, 0x000001aba9d90000]
 total_blobs=58 nmethods=0 adapters=38
 compilation: enabled

Compilation events (0 events):
No events

GC Heap History (0 events):
No events

Deoptimization events (0 events):
No events

Classes redefined (0 events):
No events

Internal exceptions (0 events):
No events

Events (10 events):
Event: 0.139 loading class java/lang/Short
Event: 0.140 loading class java/lang/Short done
Event: 0.140 loading class java/lang/Integer
Event: 0.140 loading class java/lang/Integer done
Event: 0.140 loading class java/lang/Long
Event: 0.140 loading class java/lang/Long done
Event: 0.141 loading class java/lang/NullPointerException
Event: 0.141 loading class java/lang/NullPointerException done
Event: 0.141 loading class java/lang/ArithmeticException
Event: 0.141 loading class java/lang/ArithmeticException done


Dynamic libraries:
0x00007ff67a3c0000 - 0x00007ff67a407000 	C:\Program Files\Java\jre1.8.0_281\bin\javaw.exe
0x00007fff09ba0000 - 0x00007fff09d90000 	C:\Windows\SYSTEM32\ntdll.dll
0x00007fff08df0000 - 0x00007fff08ea2000 	C:\Windows\System32\KERNEL32.DLL
0x00007fff07090000 - 0x00007fff07335000 	C:\Windows\System32\KERNELBASE.dll
0x00007fff08b70000 - 0x00007fff08c13000 	C:\Windows\System32\ADVAPI32.dll
0x00007fff08a00000 - 0x00007fff08a9e000 	C:\Windows\System32\msvcrt.dll
0x00007fff09720000 - 0x00007fff097b7000 	C:\Windows\System32\sechost.dll
0x00007fff08fc0000 - 0x00007fff090df000 	C:\Windows\System32\RPCRT4.dll
0x00007fff08860000 - 0x00007fff089f4000 	C:\Windows\System32\USER32.dll
0x00007fff07bb0000 - 0x00007fff07bd1000 	C:\Windows\System32\win32u.dll
0x00007fff08f90000 - 0x00007fff08fb6000 	C:\Windows\System32\GDI32.dll
0x00007fff06b20000 - 0x00007fff06cb8000 	C:\Windows\System32\gdi32full.dll
0x00007fff06dc0000 - 0x00007fff06e5e000 	C:\Windows\System32\msvcp_win.dll
0x00007fff06cc0000 - 0x00007fff06dba000 	C:\Windows\System32\ucrtbase.dll
0x00007ffefff50000 - 0x00007fff001d4000 	C:\Windows\WinSxS\amd64_microsoft.windows.common-controls_6595b64144ccf1df_6.0.18362.1316_none_9e7a364fe461dbd7\COMCTL32.dll
0x00007fff09820000 - 0x00007fff09b57000 	C:\Windows\System32\combase.dll
0x00007fff073a0000 - 0x00007fff07421000 	C:\Windows\System32\bcryptPrimitives.dll
0x00007fff07c50000 - 0x00007fff07c7e000 	C:\Windows\System32\IMM32.DLL
0x00007fff01db0000 - 0x00007fff01dc5000 	C:\Program Files\Java\jre1.8.0_281\bin\vcruntime140.dll
0x00007ffed3650000 - 0x00007ffed36eb000 	C:\Program Files\Java\jre1.8.0_281\bin\msvcp140.dll
0x0000000071bb0000 - 0x000000007240f000 	C:\Program Files\Java\jre1.8.0_281\bin\server\jvm.dll
0x00007fff08eb0000 - 0x00007fff08eb8000 	C:\Windows\System32\PSAPI.DLL
0x00007fff03110000 - 0x00007fff0311a000 	C:\Windows\SYSTEM32\VERSION.dll
0x00007ffef5a00000 - 0x00007ffef5a09000 	C:\Windows\SYSTEM32\WSOCK32.dll
0x00007fff03680000 - 0x00007fff036a4000 	C:\Windows\SYSTEM32\WINMM.dll
0x00007fff034d0000 - 0x00007fff034fd000 	C:\Windows\SYSTEM32\winmmbase.dll
0x00007fff07c00000 - 0x00007fff07c4a000 	C:\Windows\System32\cfgmgr32.dll
0x00007fff090e0000 - 0x00007fff0914f000 	C:\Windows\System32\ws2_32.DLL
0x00007fff06a90000 - 0x00007fff06aa1000 	C:\Windows\System32\kernel.appcore.dll
0x00007ffeffa90000 - 0x00007ffeffaa0000 	C:\Program Files\Java\jre1.8.0_281\bin\verify.dll
0x00007ffee4210000 - 0x00007ffee423b000 	C:\Program Files\Java\jre1.8.0_281\bin\java.dll
0x00007ffee5250000 - 0x00007ffee5268000 	C:\Program Files\Java\jre1.8.0_281\bin\zip.dll
0x00007ffef1310000 - 0x00007ffef1504000 	C:\Windows\SYSTEM32\dbghelp.dll

VM Arguments:
jvm_args: -Dfile.encoding=Cp1252 
java_command: tarea2.Ej_4
java_class_path (initial): C:\Users\luisg\workspace\Tareas_programacion_1\bin
Launcher Type: SUN_STANDARD

Environment Variables:
PATH=C:/Program Files/Java/jre1.8.0_281/bin/server;C:/Program Files/Java/jre1.8.0_281/bin;C:/Program Files/Java/jre1.8.0_281/lib/amd64;C:\Program Files (x86)\Common Files\Oracle\Java\javapath;C:\Python27\;C:\Python27\Scripts;C:\Windows\system32;C:\Windows;C:\Windows\System32\Wbem;C:\Windows\System32\WindowsPowerShell\v1.0\;C:\Windows\System32\OpenSSH\;C:\Program Files\nodejs\;C:\ProgramData\chocolatey\bin;C:\Program Files (x86)\NVIDIA Corporation\PhysX\Common;C:\Program Files\dotnet\;C:\Program Files\Microsoft SQL Server\130\Tools\Binn\;C:\Program Files\Microsoft SQL Server\Client SDK\ODBC\170\Tools\Binn\;C:\Program Files (x86)\Microsoft SQL Server\150\Tools\Binn\;C:\Program Files\Microsoft SQL Server\150\Tools\Binn\;C:\Program Files\Microsoft SQL Server\150\DTS\Binn\;C:\Program Files (x86)\Microsoft SQL Server\150\DTS\Binn\;C:\Program Files\Azure Data Studio\bin;C:\Program Files\Git\cmd;C:\Users\luisg\AppData\Local\Microsoft\WindowsApps;C:\Users\luisg\AppData\Roaming\npm;C:\Users\luisg\.dotnet\tools;C:\Program Files\Azure Data Studio\bin;C:\Users\luisg\AppData\Local\Programs\Microsoft VS Code\bin;C:\Users\luisg\eclipse\java-2019-12\eclipse;
USERNAME=luisg
OS=Windows_NT
PROCESSOR_IDENTIFIER=Intel64 Family 6 Model 42 Stepping 7, GenuineIntel



---------------  S Y S T E M  ---------------

OS: Windows 10.0 , 64 bit Build 18362 (10.0.18362.1316)

CPU:total 8 (initial active 8) (4 cores per cpu, 2 threads per core) family 6 model 42 stepping 7, cmov, cx8, fxsr, mmx, sse, sse2, sse3, ssse3, sse4.1, sse4.2, popcnt, avx, aes, clmul, ht, tsc, tscinvbit

Memory: 4k page, physical 8233396k(375796k free), swap 8233396k(5908k free)

vm_info: Java HotSpot(TM) 64-Bit Server VM (25.281-b09) for windows-amd64 JRE (1.8.0_281-b09), built on Dec  9 2020 13:54:07 by "" with MS VC++ 15.9 (VS2017)

time: Mon Feb  1 16:05:24 2021
timezone: Atlantic Standard Time
elapsed time: 0.385578 seconds (0d 0h 0m 0s)

